<?xml version="1.0" encoding="UTF-8" ?>
<testsuite failures="2" time="0.24" errors="0" skipped="0" tests="2" name="es.bsc.aeneas.cassandra.metricsrecorder.CassandraMetricsReporterTest">
  <properties>
[...]
</properties>
  <testcase time="0.208" classname="es.bsc.aeneas.cassandra.metricsrecorder.CassandraMetricsReporterTest" name="testAsyncMultiple">
    <failure message="
Wanted but not invoked:
rosetta.queryAll(
    same(READ),
    same(&quot;context&quot;),
    same(&quot;test&quot;),
    &lt;any&gt;,
    &lt;any&gt;,
    same(&quot;prova1&quot;)
);
-&gt; at es.bsc.aeneas.cassandra.metricsrecorder.CassandraMetricsReporterTest.testAsyncMultiple(CassandraMetricsReporterTest.java:54)
" type="Wanted but not invoked">Wanted but not invoked:
rosetta.queryAll(
    same(READ),
    same(&quot;context&quot;),
    same(&quot;test&quot;),
    &lt;any&gt;,
    &lt;any&gt;,
    same(&quot;prova1&quot;)
);
-&gt; at es.bsc.aeneas.cassandra.metricsrecorder.CassandraMetricsReporterTest.testAsyncMultiple(CassandraMetricsReporterTest.java:54)

	at es.bsc.aeneas.cassandra.metricsrecorder.CassandraMetricsReporterTest.testAsyncMultiple(CassandraMetricsReporterTest.java:54)
	at sun.reflect.NativeMethodAccessorImpl.invoke0(Native Method)
	at sun.reflect.NativeMethodAccessorImpl.invoke(NativeMethodAccessorImpl.java:57)
	at sun.reflect.DelegatingMethodAccessorImpl.invoke(DelegatingMethodAccessorImpl.java:43)
	at java.lang.reflect.Method.invoke(Method.java:606)
	at org.junit.runners.model.FrameworkMethod$1.runReflectiveCall(FrameworkMethod.java:44)
	at org.junit.internal.runners.model.ReflectiveCallable.run(ReflectiveCallable.java:15)
	at org.junit.runners.model.FrameworkMethod.invokeExplosively(FrameworkMethod.java:41)
	at org.junit.internal.runners.statements.InvokeMethod.evaluate(InvokeMethod.java:20)
	at org.junit.runners.BlockJUnit4ClassRunner.runChild(BlockJUnit4ClassRunner.java:76)
	at org.junit.runners.BlockJUnit4ClassRunner.runChild(BlockJUnit4ClassRunner.java:50)
	at org.junit.runners.ParentRunner$3.run(ParentRunner.java:193)
	at org.junit.runners.ParentRunner$1.schedule(ParentRunner.java:52)
	at org.junit.runners.ParentRunner.runChildren(ParentRunner.java:191)
	at org.junit.runners.ParentRunner.access$000(ParentRunner.java:42)
	at org.junit.runners.ParentRunner$2.evaluate(ParentRunner.java:184)
	at org.junit.runners.ParentRunner.run(ParentRunner.java:236)
	at org.apache.maven.surefire.junit4.JUnit4TestSet.execute(JUnit4TestSet.java:53)
	at org.apache.maven.surefire.junit4.JUnit4Provider.executeTestSet(JUnit4Provider.java:123)
	at org.apache.maven.surefire.junit4.JUnit4Provider.invoke(JUnit4Provider.java:104)
	at sun.reflect.NativeMethodAccessorImpl.invoke0(Native Method)
	at sun.reflect.NativeMethodAccessorImpl.invoke(NativeMethodAccessorImpl.java:57)
	at sun.reflect.DelegatingMethodAccessorImpl.invoke(DelegatingMethodAccessorImpl.java:43)
	at java.lang.reflect.Method.invoke(Method.java:606)
	at org.apache.maven.surefire.util.ReflectionUtils.invokeMethodWithArray(ReflectionUtils.java:164)
	at org.apache.maven.surefire.booter.ProviderFactory$ProviderProxy.invoke(ProviderFactory.java:110)
	at org.apache.maven.surefire.booter.SurefireStarter.invokeProvider(SurefireStarter.java:175)
	at org.apache.maven.surefire.booter.SurefireStarter.runSuitesInProcessWhenForked(SurefireStarter.java:107)
	at org.apache.maven.surefire.booter.ForkedBooter.main(ForkedBooter.java:68)
</failure>
    <system-err>SLF4J: Failed to load class &quot;org.slf4j.impl.StaticLoggerBinder&quot;.
SLF4J: Defaulting to no-operation (NOP) logger implementation
SLF4J: See http://www.slf4j.org/codes.html#StaticLoggerBinder for further details.
</system-err>
  </testcase>
  <testcase time="0.003" classname="es.bsc.aeneas.cassandra.metricsrecorder.CassandraMetricsReporterTest" name="testAsyncOne">
    <failure message="
Wanted but not invoked:
rosetta.queryAll(
    same(CREATE_OR_UPDATE),
    same(&quot;context&quot;),
    same(&quot;test&quot;),
    &lt;any&gt;,
    &lt;any&gt;,
    same(&quot;prova&quot;)
);
-&gt; at es.bsc.aeneas.cassandra.metricsrecorder.CassandraMetricsReporterTest.testAsyncOne(CassandraMetricsReporterTest.java:36)
" type="Wanted but not invoked">Wanted but not invoked:
rosetta.queryAll(
    same(CREATE_OR_UPDATE),
    same(&quot;context&quot;),
    same(&quot;test&quot;),
    &lt;any&gt;,
    &lt;any&gt;,
    same(&quot;prova&quot;)
);
-&gt; at es.bsc.aeneas.cassandra.metricsrecorder.CassandraMetricsReporterTest.testAsyncOne(CassandraMetricsReporterTest.java:36)

	at es.bsc.aeneas.cassandra.metricsrecorder.CassandraMetricsReporterTest.testAsyncOne(CassandraMetricsReporterTest.java:36)
	at sun.reflect.NativeMethodAccessorImpl.invoke0(Native Method)
	at sun.reflect.NativeMethodAccessorImpl.invoke(NativeMethodAccessorImpl.java:57)
	at sun.reflect.DelegatingMethodAccessorImpl.invoke(DelegatingMethodAccessorImpl.java:43)
	at java.lang.reflect.Method.invoke(Method.java:606)
	at org.junit.runners.model.FrameworkMethod$1.runReflectiveCall(FrameworkMethod.java:44)
	at org.junit.internal.runners.model.ReflectiveCallable.run(ReflectiveCallable.java:15)
	at org.junit.runners.model.FrameworkMethod.invokeExplosively(FrameworkMethod.java:41)
	at org.junit.internal.runners.statements.InvokeMethod.evaluate(InvokeMethod.java:20)
	at org.junit.runners.BlockJUnit4ClassRunner.runChild(BlockJUnit4ClassRunner.java:76)
	at org.junit.runners.BlockJUnit4ClassRunner.runChild(BlockJUnit4ClassRunner.java:50)
	at org.junit.runners.ParentRunner$3.run(ParentRunner.java:193)
	at org.junit.runners.ParentRunner$1.schedule(ParentRunner.java:52)
	at org.junit.runners.ParentRunner.runChildren(ParentRunner.java:191)
	at org.junit.runners.ParentRunner.access$000(ParentRunner.java:42)
	at org.junit.runners.ParentRunner$2.evaluate(ParentRunner.java:184)
	at org.junit.runners.ParentRunner.run(ParentRunner.java:236)
	at org.apache.maven.surefire.junit4.JUnit4TestSet.execute(JUnit4TestSet.java:53)
	at org.apache.maven.surefire.junit4.JUnit4Provider.executeTestSet(JUnit4Provider.java:123)
	at org.apache.maven.surefire.junit4.JUnit4Provider.invoke(JUnit4Provider.java:104)
	at sun.reflect.NativeMethodAccessorImpl.invoke0(Native Method)
	at sun.reflect.NativeMethodAccessorImpl.invoke(NativeMethodAccessorImpl.java:57)
	at sun.reflect.DelegatingMethodAccessorImpl.invoke(DelegatingMethodAccessorImpl.java:43)
	at java.lang.reflect.Method.invoke(Method.java:606)
	at org.apache.maven.surefire.util.ReflectionUtils.invokeMethodWithArray(ReflectionUtils.java:164)
	at org.apache.maven.surefire.booter.ProviderFactory$ProviderProxy.invoke(ProviderFactory.java:110)
	at org.apache.maven.surefire.booter.SurefireStarter.invokeProvider(SurefireStarter.java:175)
	at org.apache.maven.surefire.booter.SurefireStarter.runSuitesInProcessWhenForked(SurefireStarter.java:107)
	at org.apache.maven.surefire.booter.ForkedBooter.main(ForkedBooter.java:68)
</failure>
  </testcase>
</testsuite>